C51 COMPILER V9.56.0.0   BSP_DS1302                                                        02/22/2021 14:23:23 PAGE 1   


C51 COMPILER V9.56.0.0, COMPILATION OF MODULE BSP_DS1302
OBJECT MODULE PLACED IN .\Objects\bsp_ds1302.obj
COMPILER INVOKED BY: D:\10.1 keil51\C51\BIN\C51.EXE ..\Driver\bsp_ds1302.c OPTIMIZE(8,SPEED) BROWSE INCDIR(..\Driver;..\
                    -Sys) DEBUG OBJECTEXTEND PRINT(.\Listings\bsp_ds1302.lst) TABS(2) OBJECT(.\Objects\bsp_ds1302.obj)

line level    source

   1          #include "bsp_ds1302.h"
   2          
   3          /*
   4          void Delay2ms()   
   5          {
   6            unsigned char i, j;
   7          
   8            _nop_();
   9            _nop_();
  10            i = 22;
  11            j = 128;
  12            do
  13            {
  14              while (--j);
  15            } while (--i);
  16          }
  17          
  18          */
  19          
  20          
  21          void Write_Ds1302_Byte(unsigned  char temp) 
  22          {
  23   1        unsigned char i;
  24   1        for (i=0;i<8;i++)       
  25   1        { 
  26   2          SCK=0;
  27   2          SDA=temp&0x01;
  28   2          temp>>=1; 
  29   2          SCK=1;
  30   2      //    Delay2ms();
  31   2        }
  32   1      }   
  33          
  34          void Write_Ds1302( unsigned char address,unsigned char dat )     
  35          {
  36   1        RST=0;
  37   1        _nop_();
  38   1        SCK=0;
  39   1        _nop_();
  40   1        RST=1;  
  41   1          _nop_();
  42   1        Write_Ds1302_Byte(address); 
  43   1        Write_Ds1302_Byte(dat);   
  44   1        RST=0; 
  45   1      }
  46          
  47          
  48          unsigned char Read_Ds1302 ( unsigned char address )
  49          {
  50   1        unsigned char i,temp=0x00;
  51   1        RST=0;
  52   1        _nop_();
  53   1        SCK=0;
  54   1        _nop_();
C51 COMPILER V9.56.0.0   BSP_DS1302                                                        02/22/2021 14:23:23 PAGE 2   

  55   1        RST=1;
  56   1        _nop_();
  57   1        Write_Ds1302_Byte(address);
  58   1        for (i=0;i<8;i++)   
  59   1        {   
  60   2          SCK=0;
  61   2          temp>>=1;
  62   2      //    Delay2ms(); 
  63   2          if(SDA)
  64   2          temp|=0x80; 
  65   2          SCK=1;
  66   2        } 
  67   1        RST=0;
  68   1        _nop_();
  69   1        RST=0;
  70   1        SCK=0;
  71   1        _nop_();
  72   1        SCK=1;
  73   1        _nop_();
  74   1        SDA=0;
  75   1        _nop_();
  76   1        SDA=1;
  77   1        return (temp);      
  78   1      }
  79          
  80          
  81          //函数名：设置DS1302时分秒函数
  82          //入口参数：包含时分秒数据的数组指针
  83          //返回值：无
  84          //函数功能：设置DS1302时分秒函数
  85          
  86          void Set_Rtc(unsigned char* ucRtc)
  87          {
  88   1        unsigned char temp;//中间局部变量，存放时分秒
  89   1        
  90   1        Write_Ds1302(0x8e, 0);//wp = 0, 允许写操作
  91   1        
  92   1        temp = (((ucRtc[0]/10)<<4)|(ucRtc[0]%10)) ;//数组的第0个数据，小时，用BCD码的形式存储
  93   1        Write_Ds1302(0x84, temp);//写入到小时的寄存器
  94   1        temp = (((ucRtc[1]/10)<<4)|(ucRtc[1]%10)) ;//数组的第1个数据，分钟，用BCD码的形式存储
  95   1        Write_Ds1302(0x82, temp);//写入到分钟的寄存器
  96   1        temp = (((ucRtc[2]/10)<<4)|(ucRtc[2]%10)) ;//数组的第2个数据，秒，用BCD码的形式存储
  97   1        Write_Ds1302(0x80, temp);//写入到秒的寄存器
  98   1      
  99   1        Write_Ds1302(0x8e, 0x80);//wp = 1, 不允许写操作
 100   1      }
 101          
 102          
 103          
 104          //函数名：读取DS1302时分秒函数
 105          //入口参数：将读取到的时分秒数据存放到数组的指针
 106          //返回值：无
 107          //函数功能：读取DS1302时分秒函数，将读取到的数据放到数组指针指向的位置
 108          
 109          void Read_Rtc(unsigned char* ucRtc)
 110          {
 111   1        unsigned char temp;//中间局部变量，存放时分秒
 112   1      
 113   1        temp = Read_Ds1302 (0x85);//读取小时数据
 114   1        ucRtc[0] = (((temp>>4)*10) + (temp&0x0F));// 23(BCD) = 0010 0011(B) = 35(D),不能直接赋值，要进行BCD到十进
             -制数据的转换
 115   1        temp = Read_Ds1302 (0x83);//读取分钟数据
C51 COMPILER V9.56.0.0   BSP_DS1302                                                        02/22/2021 14:23:23 PAGE 3   

 116   1        ucRtc[1] = (((temp>>4)*10) + (temp&0x0F));// 23(BCD) = 0010 0011(B) = 35(D),不能直接赋值，要进行BCD到十进
             -制数据的转换  
 117   1        temp = Read_Ds1302 (0x81);//读取秒数据
 118   1        ucRtc[2] = (((temp>>4)*10) + (temp&0x0F));// 23(BCD) = 0010 0011(B) = 35(D),不能直接赋值，要进行BCD到十进
             -制数据的转换  
 119   1        
 120   1      }
 121          
 122          
 123          


MODULE INFORMATION:   STATIC OVERLAYABLE
   CODE SIZE        =    251    ----
   CONSTANT SIZE    =   ----    ----
   XDATA SIZE       =   ----    ----
   PDATA SIZE       =   ----    ----
   DATA SIZE        =   ----    ----
   IDATA SIZE       =   ----    ----
   BIT SIZE         =   ----    ----
END OF MODULE INFORMATION.


C51 COMPILATION COMPLETE.  0 WARNING(S),  0 ERROR(S)
