C51 COMPILER V9.56.0.0   BSP_INIT                                                          03/01/2021 15:46:39 PAGE 1   


C51 COMPILER V9.56.0.0, COMPILATION OF MODULE BSP_INIT
OBJECT MODULE PLACED IN .\Objects\bsp_init.obj
COMPILER INVOKED BY: D:\10.1 keil51\C51\BIN\C51.EXE ..\..\Driver\bsp_init.c OPTIMIZE(8,SPEED) BROWSE INCDIR(..\..\Driver
                    -;..\..\Sys) DEBUG OBJECTEXTEND PRINT(.\Listings\bsp_init.lst) TABS(2) OBJECT(.\Objects\bsp_init.obj)

line level    source

   1          # include "bsp_init.h"
   2          
   3          //函数名：关闭外设的初始化函数
   4          //入口参数：无
   5          //返回值：无
   6          //函数功能：将LED、蜂鸣器和继电器全部关闭
   7          
   8          void Cls_Peripheral(void)
   9          {
  10   1        
  11   1        P0 = 0xFF;//将LED全都灭掉的数据准备
  12   1        P2 = P2 & 0x1F | 0x80; // 0x80，选通Y4，也就是LED的锁存器，将数据透传过去
  13   1        P2 &= 0x1F; //将打开的锁存器关闭，使任何一个锁存器都不打开
  14   1      
  15   1        P0 = 0x00;//将外设全都灭掉的数据准备
  16   1        P2 = P2 & 0x1F | 0xA0; // 0x80，选通Y5，也就是外设的锁存器，将数据透传过去
  17   1        P2 &= 0x1F; //将打开的锁存器关闭，使任何一个锁存器都不打开
  18   1      
  19   1      }
  20          
  21          
  22          
  23          
  24          
  25          
  26          
  27          
  28          
  29          
  30          
  31          


MODULE INFORMATION:   STATIC OVERLAYABLE
   CODE SIZE        =     29    ----
   CONSTANT SIZE    =   ----    ----
   XDATA SIZE       =   ----    ----
   PDATA SIZE       =   ----    ----
   DATA SIZE        =   ----    ----
   IDATA SIZE       =   ----    ----
   BIT SIZE         =   ----    ----
END OF MODULE INFORMATION.


C51 COMPILATION COMPLETE.  0 WARNING(S),  0 ERROR(S)
