C51 COMPILER V9.56.0.0   TIMER                                                             03/01/2021 15:46:38 PAGE 1   


C51 COMPILER V9.56.0.0, COMPILATION OF MODULE TIMER
OBJECT MODULE PLACED IN .\Objects\timer.obj
COMPILER INVOKED BY: D:\10.1 keil51\C51\BIN\C51.EXE ..\..\Sys\timer.c OPTIMIZE(8,SPEED) BROWSE INCDIR(..\..\Driver;..\..
                    -\Sys) DEBUG OBJECTEXTEND PRINT(.\Listings\timer.lst) TABS(2) OBJECT(.\Objects\timer.obj)

line level    source

   1          # include "timer.h"
*** WARNING C329 IN LINE 8 OF ..\..\Sys\timer.h: single-line comment contains line-continuation
*** WARNING C329 IN LINE 9 OF ..\..\Sys\timer.h: single-line comment contains line-continuation
*** WARNING C329 IN LINE 17 OF ..\..\Sys\timer.h: single-line comment contains line-continuation
*** WARNING C329 IN LINE 18 OF ..\..\Sys\timer.h: single-line comment contains line-continuation
   2          
   3          
   4          //函数名：定时器1初始化函数
   5          //入口参数：无
   6          //返回值：无
   7          //函数功能：系统频率为 12.000MHz，设置定时时长为 1ms，\
*** WARNING C329 IN LINE 7 OF ..\..\Sys\timer.c: single-line comment contains line-continuation
   8                      选择定时器 1，选择定时器模式为 16 位自动重载（ 15 系列），\
   9                      选择定时器时钟为 12T（ FOSC/12）
*** WARNING C329 IN LINE 8 OF ..\..\Sys\timer.c: single-line comment contains line-continuation
  10                      
  11          void Timer1Init(void)   //1毫秒@12.000MHz
  12          {
  13   1        AUXR &= 0xBF;   //定时器时钟12T模式
  14   1        TMOD &= 0x0F;   //设置定时器模式
  15   1        TL1 = 0x18;   //设置定时初值
  16   1        TH1 = 0xFC;   //设置定时初值
  17   1        TF1 = 0;    //清除TF1标志
  18   1        TR1 = 1;    //定时器1开始计时
  19   1        
  20   1        ET1 = 1;    //使能定时器1中断
  21   1      }
  22          
  23          //入口参数：无
  24          //返回值：无
  25          //函数功能：系统频率为 12.000MHz，设置定时时长为 100us，\
*** WARNING C329 IN LINE 25 OF ..\..\Sys\timer.c: single-line comment contains line-continuation
  26                      选择定时器 0，选择定时器模式为 16 位自动重载（ 15 系列），\
  27                      选择定时器时钟为 12T（ FOSC/12）
*** WARNING C329 IN LINE 26 OF ..\..\Sys\timer.c: single-line comment contains line-continuation
  28          void Timer0Init(void)   //100微秒@12.000MHz
  29          {
  30   1        AUXR &= 0x7F;   //定时器时钟12T模式
  31   1        TMOD &= 0xF0;   //设置定时器模式
  32   1        TL0 = 0x9C;   //设置定时初值
  33   1        TH0 = 0xFF;   //设置定时初值
  34   1        TF0 = 0;    //清除TF0标志
  35   1        TR0 = 1;    //定时器0开始计时
  36   1        
  37   1        ET0 = 1;    //使能定时器0中断 
  38   1      }
  39          
  40          
  41          //入口参数：无
  42          //返回值：无
  43          //函数功能：对T0的外部引脚P34进行计数
  44          
  45          void Timer0Init_Count(void)   
  46          {
C51 COMPILER V9.56.0.0   TIMER                                                             03/01/2021 15:46:38 PAGE 2   

  47   1        TMOD &= 0xF0;   //设置定时器模式
  48   1        TMOD |= 0X05;   //GATE=0,计数模式，16位不自动重装
  49   1        
  50   1        TL0 = 0;    //设置定时初值
  51   1        TH0 = 0;    //设置定时初值  
  52   1        TF0 = 0;    //清除TF0标志 
  53   1        
  54   1        TR0 = 1;    //计数器0打开 
  55   1      }
  56          


MODULE INFORMATION:   STATIC OVERLAYABLE
   CODE SIZE        =     54    ----
   CONSTANT SIZE    =   ----    ----
   XDATA SIZE       =   ----    ----
   PDATA SIZE       =   ----    ----
   DATA SIZE        =   ----    ----
   IDATA SIZE       =   ----    ----
   BIT SIZE         =   ----    ----
END OF MODULE INFORMATION.


C51 COMPILATION COMPLETE.  8 WARNING(S),  0 ERROR(S)
