C51 COMPILER V9.59.0.0   BSP_DS1302                                                        04/02/2024 17:06:24 PAGE 1   


C51 COMPILER V9.59.0.0, COMPILATION OF MODULE BSP_DS1302
OBJECT MODULE PLACED IN .\Objects\bsp_ds1302.obj
COMPILER INVOKED BY: E:\Keil5\C51\BIN\C51.EXE ..\Driver\bsp_ds1302.c OPTIMIZE(8,SPEED) BROWSE INCDIR(..\Driver;..\Sys;..
                    -\User) DEBUG OBJECTEXTEND PRINT(.\Listings\bsp_ds1302.lst) TABS(2) OBJECT(.\Objects\bsp_ds1302.obj)

line level    source

   1          /*
   2            程序说明: DS1302驱动程序
   3            软件环境: Keil uVision 4.10 
   4            硬件环境: CT107单片机综合实训平台 8051，12MHz
   5            日    期: 2011-8-9
   6          */
   7          
   8          //稍微改一改
   9          #include "bsp_ds1302.h"
  10          
  11          
  12          sbit SCK=P1^7;    
  13          sbit SDA=P2^3;    
  14          sbit RST = P1^3;   // DS1302复位                        
  15          
  16          void Write_Ds1302(unsigned  char temp) 
  17          {
  18   1        unsigned char i;
  19   1        for (i=0;i<8;i++)       
  20   1        { 
  21   2          SCK=0;
  22   2          SDA=temp&0x01;
  23   2          temp>>=1; 
  24   2          SCK=1;
  25   2        }
  26   1      }   
  27          
  28          void Write_Ds1302_Byte( unsigned char address,unsigned char dat )     
  29          {
  30   1        RST=0;  _nop_();
  31   1        SCK=0;  _nop_();
  32   1        RST=1;  _nop_();  
  33   1        Write_Ds1302(address);  
  34   1        Write_Ds1302(dat);    
  35   1        RST=0; 
  36   1      }
  37          
  38          unsigned char Read_Ds1302_Byte ( unsigned char address )
  39          {
  40   1        unsigned char i,temp=0x00;
  41   1        RST=0;  _nop_();
  42   1        SCK=0;  _nop_();
  43   1        RST=1;  _nop_();
  44   1        Write_Ds1302(address);
  45   1        for (i=0;i<8;i++)   
  46   1        {   
  47   2          SCK=0;
  48   2          temp>>=1; 
  49   2          if(SDA)
  50   2          temp|=0x80; 
  51   2          SCK=1;
  52   2        } 
  53   1        RST=0;  _nop_();
  54   1        SCK=0;  _nop_();
C51 COMPILER V9.59.0.0   BSP_DS1302                                                        04/02/2024 17:06:24 PAGE 2   

  55   1        SCK=1;  _nop_();
  56   1        SDA=0;  _nop_();
  57   1        SDA=1;  _nop_();
  58   1        return (temp);      
  59   1      }
  60          
  61          //***************这一部分需要自己写
  62          void Set_Rtc(unsigned char *ucRtc)
  63          {
  64   1        unsigned char temp;
  65   1        
  66   1        Write_Ds1302_Byte(0x8e, 0);
  67   1        
  68   1        temp = (((ucRtc[0]/10)<<4)|(ucRtc[0]%10));
  69   1        Write_Ds1302_Byte(0x84, temp);  
  70   1        
  71   1        temp = (((ucRtc[1]/10)<<4)|(ucRtc[1]%10));
  72   1        Write_Ds1302_Byte(0x82, temp);  
  73   1      
  74   1        temp = (((ucRtc[2]/10)<<4)|(ucRtc[2]%10));
  75   1        Write_Ds1302_Byte(0x80, temp);  
  76   1        
  77   1        Write_Ds1302_Byte(0x8e, 0x80);  
  78   1      
  79   1      }
  80          
  81          void Read_Rtc(unsigned char *ucRtc)
  82          {
  83   1        unsigned char temp;
  84   1        
  85   1        temp = Read_Ds1302_Byte(0x85);
  86   1        ucRtc[0] = (((temp>>4)*10)+(temp&0x0f));
  87   1        
  88   1        temp = Read_Ds1302_Byte(0x83);
  89   1        ucRtc[1] = (((temp>>4)*10)+(temp&0x0f));  
  90   1        
  91   1        temp = Read_Ds1302_Byte(0x81);
  92   1        ucRtc[2] = (((temp>>4)*10)+(temp&0x0f));  
  93   1      
  94   1      }


MODULE INFORMATION:   STATIC OVERLAYABLE
   CODE SIZE        =    268    ----
   CONSTANT SIZE    =   ----    ----
   XDATA SIZE       =   ----    ----
   PDATA SIZE       =   ----    ----
   DATA SIZE        =   ----    ----
   IDATA SIZE       =   ----    ----
   BIT SIZE         =   ----    ----
END OF MODULE INFORMATION.


C51 COMPILATION COMPLETE.  0 WARNING(S),  0 ERROR(S)
