C51 COMPILER V9.59.0.0   BSP_ULTRASONIC                                                    04/02/2024 17:06:24 PAGE 1   


C51 COMPILER V9.59.0.0, COMPILATION OF MODULE BSP_ULTRASONIC
OBJECT MODULE PLACED IN .\Objects\bsp_ultrasonic.obj
COMPILER INVOKED BY: E:\Keil5\C51\BIN\C51.EXE ..\Driver\bsp_ultrasonic.c OPTIMIZE(8,SPEED) BROWSE INCDIR(..\Driver;..\Sy
                    -s;..\User) DEBUG OBJECTEXTEND PRINT(.\Listings\bsp_ultrasonic.lst) TABS(2) OBJECT(.\Objects\bsp_ultrasonic.obj)

line level    source

   1          #include "bsp_ultrasonic.h"
   2          
   3          sbit Tx = P1^0;
   4          sbit Rx = P1^1;
   5          
   6          void Ultrasonic_Timer0Init(void)
   7          {
   8   1        AUXR &= 0x7F;   //定时器时钟12T模式
   9   1        TMOD &= 0xF0;   //设置定时器模式
  10   1        TL0 = 0xF4;   //设置定时初值
  11   1        TH0 = 0xFF;   //设置定时初值
  12   1        TF0 = 0;    //清除TF0标志
  13   1        TR0 = 0;    //定时器0并不开始计时
  14   1      }
  15          
  16          
  17          unsigned char Wave_Recv(void)
  18          {
  19   1        unsigned char Wave_Num = 10;
  20   1        unsigned char Dist;
  21   1        
  22   1        //完成超声波的发送
  23   1        Tx = 0;
  24   1        TL0 = 0xF4;   //设置定时初值
  25   1        TH0 = 0xFF;   //设置定时初值  
  26   1        
  27   1        TR0 = 1;
  28   1        while( Wave_Num-- )
  29   1        {
  30   2          
  31   2          while(!TF0);
  32   2          Tx ^= 1;
  33   2          TF0 = 0;
  34   2        }
  35   1        
  36   1        
  37   1        //完成超声波的接收
  38   1        TR0 = 0;  //关掉定时器的目的是为了重新装载
  39   1        TL0 = 0;    //设置定时初值，用于计时
  40   1        TH0 = 0;    //设置定时初值    
  41   1        TR0 = 1;  //关掉定时器的目的是为了重新装载  
  42   1        
  43   1        while(Rx && (~TF0));
  44   1        TR0 = 0;  //关闭的目的是计算距离
  45   1        if(TF0 == 1)//表示溢出了
  46   1        {
  47   2          Dist = 250;//表示数据太大了，有病，为什么要测量这么长的高度
  48   2          TF0 = 0;
  49   2        }
  50   1        else //没有产生溢出
  51   1        {
  52   2          Dist = (((TH0<<8) | TL0) * 0.017);
  53   2        }
  54   1        return Dist;
C51 COMPILER V9.59.0.0   BSP_ULTRASONIC                                                    04/02/2024 17:06:24 PAGE 2   

  55   1        
  56   1      }
  57          
  58          


MODULE INFORMATION:   STATIC OVERLAYABLE
   CODE SIZE        =     99    ----
   CONSTANT SIZE    =   ----    ----
   XDATA SIZE       =   ----    ----
   PDATA SIZE       =   ----    ----
   DATA SIZE        =   ----    ----
   IDATA SIZE       =   ----    ----
   BIT SIZE         =   ----    ----
END OF MODULE INFORMATION.


C51 COMPILATION COMPLETE.  0 WARNING(S),  0 ERROR(S)
