C51 COMPILER V9.59.0.0   BSP_ONEWIRE                                                       04/02/2024 17:06:24 PAGE 1   


C51 COMPILER V9.59.0.0, COMPILATION OF MODULE BSP_ONEWIRE
OBJECT MODULE PLACED IN .\Objects\bsp_onewire.obj
COMPILER INVOKED BY: E:\Keil5\C51\BIN\C51.EXE ..\Driver\bsp_onewire.c OPTIMIZE(8,SPEED) BROWSE INCDIR(..\Driver;..\Sys;.
                    -.\User) DEBUG OBJECTEXTEND PRINT(.\Listings\bsp_onewire.lst) TABS(2) OBJECT(.\Objects\bsp_onewire.obj)

line level    source

   1          /*
   2            程序说明: 单总线驱动程序
   3            软件环境: Keil uVision 4.10 
   4            硬件环境: CT107单片机综合实训平台(外部晶振12MHz) STC89C52RC单片机
   5            日    期: 2011-8-9
   6          */
   7          
   8          //稍微改一改
   9          #include "bsp_onewire.h"
  10          
  11          
  12          //单总线延时函数
  13          void Delay_OneWire(unsigned int t)  //STC89C52RC
  14          {
  15   1        t *= 12;//***********此处需要自己添加
  16   1        while(t--);
  17   1      }
  18          
  19          //通过单总线向DS18B20写一个字节
  20          void Write_DS18B20(unsigned char dat)
  21          {
  22   1        unsigned char i;
  23   1        for(i=0;i<8;i++)
  24   1        {
  25   2          DQ = 0;
  26   2          DQ = dat&0x01;
  27   2          Delay_OneWire(5);
  28   2          DQ = 1;
  29   2          dat >>= 1;
  30   2        }
  31   1        Delay_OneWire(5);
  32   1      }
  33          
  34          //从DS18B20读取一个字节
  35          unsigned char Read_DS18B20(void)
  36          {
  37   1        unsigned char i;
  38   1        unsigned char dat;
  39   1        
  40   1        for(i=0;i<8;i++)
  41   1        {
  42   2          DQ = 0;
  43   2          dat >>= 1;
  44   2          DQ = 1;
  45   2          if(DQ)
  46   2          {
  47   3            dat |= 0x80;
  48   3          }     
  49   2          Delay_OneWire(5);
  50   2        }
  51   1        return dat;
  52   1      }
  53          
  54          //DS18B20设备初始化
C51 COMPILER V9.59.0.0   BSP_ONEWIRE                                                       04/02/2024 17:06:24 PAGE 2   

  55          bit init_ds18b20(void)
  56          {
  57   1          bit initflag = 0;
  58   1          
  59   1          DQ = 1;
  60   1          Delay_OneWire(12);
  61   1          DQ = 0;
  62   1          Delay_OneWire(80);
  63   1          DQ = 1;
  64   1          Delay_OneWire(10); 
  65   1          initflag = DQ;     
  66   1          Delay_OneWire(5);
  67   1        
  68   1          return initflag;
  69   1      }
  70          
  71          
  72          //***************这一部分需要自己写
  73          unsigned int rd_temperature(void)
  74          {
  75   1        unsigned char low,high;
  76   1        
  77   1        init_ds18b20();
  78   1        Write_DS18B20(0xCC);
  79   1        Write_DS18B20(0x44);
  80   1      
  81   1        init_ds18b20();
  82   1        Write_DS18B20(0xCC);
  83   1        Write_DS18B20(0xBE);  
  84   1        
  85   1        low = Read_DS18B20();
  86   1        high = Read_DS18B20();  
  87   1        return ((high<<8)|low);
  88   1      }
  89          
  90          


MODULE INFORMATION:   STATIC OVERLAYABLE
   CODE SIZE        =    174    ----
   CONSTANT SIZE    =   ----    ----
   XDATA SIZE       =   ----    ----
   PDATA SIZE       =   ----    ----
   DATA SIZE        =   ----    ----
   IDATA SIZE       =   ----    ----
   BIT SIZE         =   ----       1
END OF MODULE INFORMATION.


C51 COMPILATION COMPLETE.  0 WARNING(S),  0 ERROR(S)
