C51 COMPILER V9.59.0.0   BSP_SEG                                                           04/02/2024 17:06:24 PAGE 1   


C51 COMPILER V9.59.0.0, COMPILATION OF MODULE BSP_SEG
OBJECT MODULE PLACED IN .\Objects\bsp_seg.obj
COMPILER INVOKED BY: E:\Keil5\C51\BIN\C51.EXE ..\Driver\bsp_seg.c OPTIMIZE(8,SPEED) BROWSE INCDIR(..\Driver;..\Sys;..\Us
                    -er) DEBUG OBJECTEXTEND PRINT(.\Listings\bsp_seg.lst) TABS(2) OBJECT(.\Objects\bsp_seg.obj)

line level    source

   1          #include "bsp_seg.h"
   2          
   3          void Seg_Tran(unsigned char *seg_string, unsigned char *seg_buf)
   4          {
   5   1        unsigned char i = 0;
   6   1        unsigned char j = 0;
   7   1        unsigned char temp;
   8   1        
   9   1        for(i = 0; i <= 7;i++,j++)
  10   1        {
  11   2          switch(seg_string[j])
  12   2          {
  13   3            case '0': temp = 0xc0; break;
  14   3            case '1': temp = 0xf9; break;     
  15   3            case '2': temp = 0xa4; break;
  16   3            case '3': temp = 0xb0; break;     
  17   3            case '4': temp = 0x99; break;
  18   3            case '5': temp = 0x92; break;     
  19   3            case '6': temp = 0x82; break;
  20   3            case '7': temp = 0xf8; break; 
  21   3            case '8': temp = 0x80; break;
  22   3            case '9': temp = 0x90; break;     
  23   3            case 'A': temp = 0x88; break;
  24   3            case 'B': temp = 0x83; break;     
  25   3            case 'C': temp = 0xc6; break;
  26   3            case 'D': temp = 0xa1; break;     
  27   3            case 'E': temp = 0x86; break;
  28   3            case 'F': temp = 0x8e; break; //所有十六进制数据
  29   3            
  30   3            case 'H': temp = 0x89; break;     
  31   3            case 'L': temp = 0xc7; break;
  32   3            case 'N': temp = 0xc8; break;     
  33   3            case 'P': temp = 0x8c; break;
  34   3            case 'U': temp = 0xc1; break; //回来女仆呦  
  35   3      
  36   3            case '-': temp = 0xbf; break;     
  37   3            case ' ': temp = 0xff; break; //两种特殊情况
  38   3      
  39   3            default: temp = 0xff; break;    //默认
  40   3          }
  41   2          
  42   2          if(seg_string[j+1] == '.')//判断小数点
  43   2          {
  44   3            temp &= 0x7f;
  45   3            j++;
  46   3          }
  47   2          
  48   2          seg_buf[i] = temp;
  49   2        }
  50   1      }
  51          
  52          
  53          void Seg_Disp(unsigned char *seg_buf, unsigned char pos)
  54          { 
C51 COMPILER V9.59.0.0   BSP_SEG                                                           04/02/2024 17:06:24 PAGE 2   

  55   1        P0 = 1<<pos;
  56   1        P2 = P2 & 0X1F | 0xc0;//位码选通
  57   1        P2 &= 0X1F;
  58   1      
  59   1        P0 = 0xff;
  60   1        P2 = P2 & 0X1F | 0xe0;//段码选通，消隐
  61   1        P2 &= 0X1F;
  62   1      
  63   1        P0 = seg_buf[pos];
  64   1        P2 = P2 & 0X1F | 0xe0;//段码选通
  65   1        P2 &= 0X1F;
  66   1      }
  67          
  68          
  69          
  70          
  71          
  72          
  73          
  74          
  75          
  76          


MODULE INFORMATION:   STATIC OVERLAYABLE
   CODE SIZE        =    342    ----
   CONSTANT SIZE    =   ----    ----
   XDATA SIZE       =   ----    ----
   PDATA SIZE       =   ----    ----
   DATA SIZE        =   ----       9
   IDATA SIZE       =   ----    ----
   BIT SIZE         =   ----    ----
END OF MODULE INFORMATION.


C51 COMPILATION COMPLETE.  0 WARNING(S),  0 ERROR(S)
