C51 COMPILER V9.59.0.0   TIMER                                                             04/02/2024 17:06:24 PAGE 1   


C51 COMPILER V9.59.0.0, COMPILATION OF MODULE TIMER
OBJECT MODULE PLACED IN .\Objects\Timer.obj
COMPILER INVOKED BY: E:\Keil5\C51\BIN\C51.EXE ..\Sys\Timer.c OPTIMIZE(8,SPEED) BROWSE INCDIR(..\Driver;..\Sys;..\User) D
                    -EBUG OBJECTEXTEND PRINT(.\Listings\Timer.lst) TABS(2) OBJECT(.\Objects\Timer.obj)

line level    source

   1          #include "Timer.h"
   2          
   3          
   4          void Timer1Init(void)   //1毫秒@12.000MHz
   5          {
   6   1        AUXR &= 0xBF;   //定时器时钟12T模式
   7   1        TMOD &= 0x0F;   //设置定时器模式
   8   1        TL1 = 0x18;   //设置定时初值
   9   1        TH1 = 0xFC;   //设置定时初值
  10   1        TF1 = 0;    //清除TF1标志
  11   1        TR1 = 1;    //定时器1开始计时
  12   1        
  13   1        ET1 = 1;
  14   1      }
  15          
  16          
  17          
  18          
  19          
  20          
  21          
  22          
  23          


MODULE INFORMATION:   STATIC OVERLAYABLE
   CODE SIZE        =     19    ----
   CONSTANT SIZE    =   ----    ----
   XDATA SIZE       =   ----    ----
   PDATA SIZE       =   ----    ----
   DATA SIZE        =   ----    ----
   IDATA SIZE       =   ----    ----
   BIT SIZE         =   ----    ----
END OF MODULE INFORMATION.


C51 COMPILATION COMPLETE.  0 WARNING(S),  0 ERROR(S)
