C51 COMPILER V9.59.0.0   USART                                                             04/02/2024 17:06:24 PAGE 1   


C51 COMPILER V9.59.0.0, COMPILATION OF MODULE USART
OBJECT MODULE PLACED IN .\Objects\Usart.obj
COMPILER INVOKED BY: E:\Keil5\C51\BIN\C51.EXE ..\Sys\Usart.c OPTIMIZE(8,SPEED) BROWSE INCDIR(..\Driver;..\Sys;..\User) D
                    -EBUG OBJECTEXTEND PRINT(.\Listings\Usart.lst) TABS(2) OBJECT(.\Objects\Usart.obj)

line level    source

   1          #include "Usart.h"
   2          
   3          
   4          void UsartInit(void)    //4800bps@12.000MHz
   5          {
   6   1        SCON = 0x50;    //8位数据,可变波特率
   7   1        AUXR |= 0x01;   //串口1选择定时器2为波特率发生器
   8   1        AUXR |= 0x04;   //定时器2时钟为Fosc,即1T
   9   1        T2L = 0x8F;   //设定定时初值
  10   1        T2H = 0xFD;   //设定定时初值
  11   1        AUXR |= 0x10;   //启动定时器2
  12   1        
  13   1        ES = 1;
  14   1      }
  15          
  16          
  17          void Usart_Send_String( unsigned char *Usart_String )
  18          {
  19   1        
  20   1        while(*Usart_String != '\0')
  21   1        {
  22   2          SBUF = *Usart_String;
  23   2          while(TI == 0);
  24   2          TI = 0;
  25   2          Usart_String++;
  26   2        }
  27   1      
  28   1      
  29   1      }


MODULE INFORMATION:   STATIC OVERLAYABLE
   CODE SIZE        =     43    ----
   CONSTANT SIZE    =   ----    ----
   XDATA SIZE       =   ----    ----
   PDATA SIZE       =   ----    ----
   DATA SIZE        =   ----    ----
   IDATA SIZE       =   ----    ----
   BIT SIZE         =   ----    ----
END OF MODULE INFORMATION.


C51 COMPILATION COMPLETE.  0 WARNING(S),  0 ERROR(S)
